Oct 24, 2021 7:54:38 PM seedu.duke.Duke run
信息: Duke start processing
Oct 24, 2021 7:54:38 PM seedu.duke.Duke run
信息: New input to execute
Oct 24, 2021 7:54:54 PM seedu.duke.Execution execute
信息: Add command to execute
Oct 24, 2021 7:54:54 PM seedu.duke.Duke run
信息: New input to execute
Oct 24, 2021 7:55:15 PM seedu.duke.Execution execute
信息: Add command to execute
Oct 24, 2021 7:55:15 PM seedu.duke.Duke run
信息: New input to execute
Oct 24, 2021 7:55:34 PM seedu.duke.Execution execute
信息: Add command to execute
Oct 24, 2021 7:55:34 PM seedu.duke.Duke run
信息: New input to execute
Oct 24, 2021 7:55:35 PM seedu.duke.Duke run
信息: New input to execute
Oct 24, 2021 7:55:51 PM seedu.duke.Duke run
信息: New input to execute
Oct 24, 2021 7:56:05 PM seedu.duke.Duke run
信息: New input to execute
